l:\data\development\projects\source\worlds5\unmanaged\x64\debug\unmanaged.pch
l:\data\development\projects\source\worlds5\unmanaged\debug\vc141.pdb
l:\data\development\projects\source\worlds5\unmanaged\x64\debug\stdafx.sbr
l:\data\development\projects\source\worlds5\unmanaged\debug\stdafx.obj
l:\data\development\projects\source\worlds5\unmanaged\x64\debug\colour.sbr
l:\data\development\projects\source\worlds5\unmanaged\x64\debug\raytracer.sbr
l:\data\development\projects\source\worlds5\unmanaged\x64\debug\sphere.sbr
l:\data\development\projects\source\worlds5\unmanaged\x64\debug\transformation.sbr
l:\data\development\projects\source\worlds5\unmanaged\x64\debug\vectors.sbr
l:\data\development\projects\source\worlds5\unmanaged\debug\vectors.obj
l:\data\development\projects\source\worlds5\unmanaged\debug\transformation.obj
l:\data\development\projects\source\worlds5\unmanaged\debug\sphere.obj
l:\data\development\projects\source\worlds5\unmanaged\debug\raytracer.obj
l:\data\development\projects\source\worlds5\unmanaged\debug\colour.obj
l:\data\development\projects\source\worlds5\worlds5\bin\x64\debug\unmanaged.ilk
l:\data\development\projects\source\worlds5\worlds5\bin\x64\debug\unmanaged.dll
l:\data\development\projects\source\worlds5\worlds5\bin\x64\debug\unmanaged.pdb
l:\data\development\projects\source\worlds5\worlds5\bin\x64\debug\unmanaged.lib
l:\data\development\projects\source\worlds5\worlds5\bin\x64\debug\unmanaged.exp
c:\development\projects\worlds5\unmanaged\x64\debug\unmanaged.pch
c:\development\projects\worlds5\unmanaged\x64\debug\colour.sbr
c:\development\projects\worlds5\unmanaged\x64\debug\raytracer.sbr
c:\development\projects\worlds5\unmanaged\x64\debug\sphere.sbr
c:\development\projects\worlds5\unmanaged\x64\debug\stdafx.sbr
c:\development\projects\worlds5\unmanaged\x64\debug\transformation.sbr
c:\development\projects\worlds5\unmanaged\x64\debug\vectors.sbr
c:\development\projects\worlds5\unmanaged\x64\debug\unmanaged.tlog\bscmake.command.1.tlog
c:\development\projects\worlds5\unmanaged\x64\debug\unmanaged.tlog\bscmake.read.1.tlog
c:\development\projects\worlds5\unmanaged\x64\debug\unmanaged.tlog\cl.command.1.tlog
c:\development\projects\worlds5\unmanaged\x64\debug\unmanaged.tlog\cl.read.1.tlog
c:\development\projects\worlds5\unmanaged\x64\debug\unmanaged.tlog\cl.write.1.tlog
c:\development\projects\worlds5\unmanaged\x64\debug\unmanaged.tlog\link.command.1.tlog
c:\development\projects\worlds5\unmanaged\x64\debug\unmanaged.tlog\link.read.1.tlog
c:\development\projects\worlds5\unmanaged\x64\debug\unmanaged.tlog\link.write.1.tlog
c:\development\projects\worlds5\unmanaged\x64\debug\unmanaged.tlog\unmanaged.write.1u.tlog
